2022-03-22 21:02:35 [INFO] Starting minecraft server version 1.5.2
2022-03-22 21:02:35 [WARNING] To start the server with more ram, launch it as "java -Xmx1024M -Xms1024M -jar minecraft_server.jar"
2022-03-22 21:02:35 [INFO] Loading properties
2022-03-22 21:02:35 [INFO] Default game type: SURVIVAL
2022-03-22 21:02:35 [INFO] Generating keypair
2022-03-22 21:02:36 [INFO] Starting Minecraft server on 127.0.0.1:25569
2022-03-22 21:02:36 [INFO] This server is running CraftBukkit version git-Bukkit-1.5.2-R1.0-b2788jnks (MC: 1.5.2) (Implementing API version 1.5.2-R1.0)
2022-03-22 21:02:36 [WARNING] Failed to load operators list: java.io.FileNotFoundException: .\ops.txt (The system cannot find the file specified)
2022-03-22 21:02:36 [WARNING] Failed to load white-list: java.io.FileNotFoundException: .\white-list.txt (The system cannot find the file specified)
2022-03-22 21:02:36 [WARNING] **** SERVER IS RUNNING IN OFFLINE/INSECURE MODE!
2022-03-22 21:02:36 [WARNING] The server will make no attempt to authenticate usernames. Beware.
2022-03-22 21:02:36 [WARNING] While this makes the game possible to play without internet access, it also opens up the ability for hackers to connect with any username they choose.
2022-03-22 21:02:36 [WARNING] To change this, set "online-mode" to "true" in the server.properties file.
2022-03-22 21:02:36 [INFO] Preparing level "world"
2022-03-22 21:02:36 [INFO] Preparing start region for level 0 (Seed: 312317691270481440)
2022-03-22 21:02:37 [INFO] Preparing spawn area: 20%
2022-03-22 21:02:38 [INFO] Preparing spawn area: 49%
2022-03-22 21:02:39 [INFO] Preparing spawn area: 74%
2022-03-22 21:02:40 [INFO] Preparing start region for level 1 (Seed: 312317691270481440)
2022-03-22 21:02:40 [INFO] Preparing spawn area: 0%
2022-03-22 21:02:41 [INFO] Preparing spawn area: 37%
2022-03-22 21:02:42 [INFO] Preparing spawn area: 66%
2022-03-22 21:02:43 [INFO] Preparing start region for level 2 (Seed: 312317691270481440)
2022-03-22 21:02:43 [INFO] Preparing spawn area: 0%
2022-03-22 21:02:44 [INFO] Preparing spawn area: 62%
2022-03-22 21:02:45 [INFO] Server permissions file permissions.yml is empty, ignoring it
2022-03-22 21:02:45 [INFO] Done (8.806s)! For help, type "help" or "?"
2022-03-22 21:03:38 [WARNING] Could not get information about this CraftBukkit version; perhaps you are running a custom one?: IOException
2022-03-22 21:04:39 [WARNING] Could not get latest artifact information: IOException
2022-03-22 21:05:56 [INFO] DarverYeeish79[/127.0.0.1:60626] logged in with entity id 7019 at ([world] -48.5, 73.0, 242.5)
2022-03-22 21:06:09 [WARNING] DarverYeeish79 moved too quickly! 63.87139682821348,-71.62000000476837,-246.33352414013717 (63.87139682821348, 71.62000000476837, 246.33352414013717)
2022-03-22 21:06:09 [SEVERE] DarverYeeish79 was caught trying to crash the server with an invalid position.
2022-03-22 21:06:35 [INFO] DarverYeeish79[/127.0.0.1:60644] logged in with entity id 7772 at ([world] -48.0, 64.0, 252.0)
2022-03-22 21:06:47 [INFO] DarverYeeish79 suffocated in a wall
2022-03-22 21:06:48 [WARNING] DarverYeeish79 moved too quickly! 48.0,-64.62000000476837,-252.0 (48.0, 64.62000000476837, 252.0)
2022-03-22 21:07:10 [WARNING] DarverYeeish79 moved too quickly! 46.97146930726223,-80.62000000476837,-280.2704416726318 (46.97146930726223, 80.62000000476837, 280.2704416726318)
2022-03-22 21:07:15 [WARNING] DarverYeeish79 moved too quickly! 46.97146930726223,-80.62000000476837,-280.2704416726318 (46.97146930726223, 80.62000000476837, 280.2704416726318)
2022-03-22 21:07:21 [WARNING] DarverYeeish79 moved too quickly! 46.97146930726223,-80.62000000476837,-280.2704416726318 (46.97146930726223, 80.62000000476837, 280.2704416726318)
2022-03-22 21:07:24 [INFO] DarverYeeish79 lost connection: disconnect.quitting
2022-03-22 21:07:24 [INFO] Connection reset
2022-03-22 21:07:28 [INFO] DarverYeeish79[/127.0.0.1:60652] logged in with entity id 8537 at ([world] -46.97146930726223, 79.0, 280.2704416726318)
2022-03-22 21:09:46 [INFO] DarverYeeish79 lost connection: disconnect.quitting
2022-03-22 21:09:46 [INFO] Connection reset
